<?xml version="1.0" encoding="UTF-8"?>
<!-- Generated by org.testng.reporters.JUnitXMLReporter -->
<testsuite hostname="PC350015" name="MyAdminSmokeOne" tests="2" failures="1" timestamp="11 Oct 2017 09:07:11 GMT" time="17.067" errors="0">
  <testcase name="login" time="14.526" classname="automationFramework.Accommodation_search_apply_filters_for_search_results">
    <failure type="java.lang.AssertionError" message="expected [DOTWconnect.com::DOTWconnect.com: My Admin] but found [DOTWconnect.com :: Admin :: Login]">
      <![CDATA[java.lang.AssertionError: expected [DOTWconnect.com::DOTWconnect.com: My Admin] but found [DOTWconnect.com :: Admin :: Login]
	at automationFramework.Accommodation_search_apply_filters_for_search_results.login(Accommodation_search_apply_filters_for_search_results.java:88)
... Removed 29 stack frames]]>
    </failure>
  </testcase> <!-- login -->
  <testcase name="searchaccomodation" time="0.0" classname="automationFramework.Accommodation_search_apply_filters_for_search_results">
    <skipped/>
  </testcase> <!-- searchaccomodation -->
</testsuite> <!-- MyAdminSmokeOne -->
